<?xml version="1.0" encoding="UTF-8"?>
<robot generator="Robot 7.1 (Python 3.12.2 on win32)" generated="2024-10-19T20:18:16.816463" rpa="false" schemaversion="5">
<suite id="s1" name="Test Books" source="c:\ITERASYS\ProjetoFinal03\__tests__\api\test_books.robot">
<test id="s1-t1" name="Create Book" line="19">
<kw name="Set Variable" owner="BuiltIn">
<msg time="2024-10-19T20:18:17.680497" level="INFO">${userName} = User6</msg>
<var>${userName}</var>
<arg>User6</arg>
<doc>Returns the given values which can then be assigned to a variables.</doc>
<status status="PASS" start="2024-10-19T20:18:17.679496" elapsed="0.002000"/>
</kw>
<kw name="Set Variable" owner="BuiltIn">
<msg time="2024-10-19T20:18:17.688064" level="INFO">${password} = @Password123</msg>
<var>${password}</var>
<arg>@Password123</arg>
<doc>Returns the given values which can then be assigned to a variables.</doc>
<status status="PASS" start="2024-10-19T20:18:17.687065" elapsed="0.000999"/>
</kw>
<kw name="Create User" owner="common">
<kw name="Create Dictionary" owner="BuiltIn">
<msg time="2024-10-19T20:18:17.697060" level="INFO">${body} = {'userName': 'User6', 'password': '@Password123'}</msg>
<var>${body}</var>
<arg>userName=${userName}</arg>
<arg>password=${password}</arg>
<doc>Creates and returns a dictionary based on the given ``items``.</doc>
<status status="PASS" start="2024-10-19T20:18:17.694061" elapsed="0.004999"/>
</kw>
<kw name="POST" owner="RequestsLibrary">
<msg time="2024-10-19T20:18:18.529860" level="INFO">POST Request : url=https://bookstore.toolsqa.com/Account/v1/User 
 path_url=/Account/v1/User 
 headers={'User-Agent': 'python-requests/2.32.3', 'Accept-Encoding': 'gzip, deflate', 'Accept': '*/*', 'Connection': 'keep-alive', 'Content-Length': '49', 'Content-Type': 'application/json'} 
 body=b'{"userName": "User6", "password": "@Password123"}' 
 </msg>
<msg time="2024-10-19T20:18:18.530868" level="INFO">POST Response : url=https://bookstore.toolsqa.com/Account/v1/User 
 status=406, reason=Not Acceptable 
 headers={'Server': 'nginx/1.17.10 (Ubuntu)', 'Date': 'Sat, 19 Oct 2024 23:18:19 GMT', 'Content-Type': 'application/json; charset=utf-8', 'Content-Length': '40', 'Connection': 'keep-alive', 'X-Powered-By': 'Express', 'ETag': 'W/"28-Ol+1T9TtJMfkxjesktiJwJPAuBU"'} 
 body={"code":"1204","message":"User exists!"} 
 </msg>
<msg time="2024-10-19T20:18:18.531858" level="FAIL">HTTPError: 406 Client Error: Not Acceptable for url: https://bookstore.toolsqa.com/Account/v1/User</msg>
<var>${response}</var>
<arg>${url}/Account/v1/User</arg>
<arg>json=${body}</arg>
<doc>Sends a POST request.</doc>
<status status="FAIL" start="2024-10-19T20:18:17.699060" elapsed="0.844907">HTTPError: 406 Client Error: Not Acceptable for url: https://bookstore.toolsqa.com/Account/v1/User</status>
</kw>
<kw name="Status Should Be" owner="RequestsLibrary">
<arg>201</arg>
<doc>Fails if response status code is different than the expected.</doc>
<status status="NOT RUN" start="2024-10-19T20:18:18.544967" elapsed="0.001000"/>
</kw>
<kw name="Set Variable" owner="BuiltIn">
<var>${userId}</var>
<arg>${response.json()}[userID]</arg>
<doc>Returns the given values which can then be assigned to a variables.</doc>
<status status="NOT RUN" start="2024-10-19T20:18:18.545967" elapsed="0.000998"/>
</kw>
<kw name="Set Suite Variable" owner="BuiltIn">
<arg>${userId}</arg>
<doc>Makes a variable available everywhere within the scope of the current suite.</doc>
<status status="NOT RUN" start="2024-10-19T20:18:18.547965" elapsed="0.000505"/>
</kw>
<kw name="Log To Console" owner="BuiltIn">
<arg>${userId}</arg>
<doc>Logs the given message to the console.</doc>
<status status="NOT RUN" start="2024-10-19T20:18:18.548470" elapsed="0.000000"/>
</kw>
<arg>${url}</arg>
<arg>${userName}</arg>
<arg>${password}</arg>
<status status="FAIL" start="2024-10-19T20:18:17.691065" elapsed="0.857405">HTTPError: 406 Client Error: Not Acceptable for url: https://bookstore.toolsqa.com/Account/v1/User</status>
</kw>
<kw name="Create Bearer" owner="common">
<arg>${url}</arg>
<arg>${userName}</arg>
<arg>${password}</arg>
<status status="NOT RUN" start="2024-10-19T20:18:18.548470" elapsed="0.000000"/>
</kw>
<kw name="Create Dictionary" owner="BuiltIn">
<var>${headers}</var>
<arg>Content-Type=${content_type}</arg>
<arg>Authorization=Bearer ${bearer}</arg>
<doc>Creates and returns a dictionary based on the given ``items``.</doc>
<status status="NOT RUN" start="2024-10-19T20:18:18.548470" elapsed="0.000000"/>
</kw>
<kw name="Evaluate" owner="BuiltIn">
<var>${body}</var>
<arg>json.loads(open("${BOOK_JSON_PATH}").read())</arg>
<doc>Evaluates the given expression in Python and returns the result.</doc>
<status status="NOT RUN" start="2024-10-19T20:18:18.548470" elapsed="0.009528"/>
</kw>
<kw name="Set To Dictionary" owner="Collections">
<arg>${body}</arg>
<arg>userId=${userId}</arg>
<doc>Adds the given ``key_value_pairs`` and/or ``items`` to the ``dictionary``.</doc>
<status status="NOT RUN" start="2024-10-19T20:18:18.558997" elapsed="0.000000"/>
</kw>
<kw name="POST" owner="RequestsLibrary">
<var>${response}</var>
<arg>${url}/BookStore/v1/Books</arg>
<arg>json=${body}</arg>
<doc>Sends a POST request.</doc>
<status status="NOT RUN" start="2024-10-19T20:18:18.561996" elapsed="0.000000"/>
</kw>
<kw name="Set Variable" owner="BuiltIn">
<var>${response_body}</var>
<arg>${response.json()}</arg>
<doc>Returns the given values which can then be assigned to a variables.</doc>
<status status="NOT RUN" start="2024-10-19T20:18:18.562995" elapsed="0.000999"/>
</kw>
<kw name="Log To Console" owner="BuiltIn">
<arg>${response_body}</arg>
<doc>Logs the given message to the console.</doc>
<status status="NOT RUN" start="2024-10-19T20:18:18.566994" elapsed="0.000000"/>
</kw>
<kw name="Status Should Be" owner="RequestsLibrary">
<arg>201</arg>
<doc>Fails if response status code is different than the expected.</doc>
<status status="NOT RUN" start="2024-10-19T20:18:18.567992" elapsed="0.000000"/>
</kw>
<doc>Cria um novo livro na loja.</doc>
<status status="FAIL" start="2024-10-19T20:18:17.674596" elapsed="0.895397">HTTPError: 406 Client Error: Not Acceptable for url: https://bookstore.toolsqa.com/Account/v1/User</status>
</test>
<status status="FAIL" start="2024-10-19T20:18:16.910782" elapsed="1.661213"/>
</suite>
<statistics>
<total>
<stat pass="0" fail="1" skip="0">All Tests</stat>
</total>
<tag>
</tag>
<suite>
<stat pass="0" fail="1" skip="0" id="s1" name="Test Books">Test Books</stat>
</suite>
</statistics>
<errors>
<msg time="2024-10-19T20:18:17.664469" level="ERROR">Error in file 'c:\ITERASYS\ProjetoFinal03\resources\common.resource' on line 4: Variable file 'C:ITERASYSProjetoFinal03esourcesvariables.py' does not exist.</msg>
</errors>
</robot>
