<?xml version="1.0" encoding="UTF-8"?>
<robot generator="Robot 7.1 (Python 3.12.2 on win32)" generated="2024-10-18T21:32:50.137848" rpa="false" schemaversion="5">
<suite id="s1" name="Test Booking" source="c:\ITERASYS\ProjetoFinal03\__tests__\api\test_booking.robot">
<kw name="Create Token" owner="common" type="SETUP">
<kw name="Create Dictionary" owner="BuiltIn">
<msg time="2024-10-18T21:32:50.936071" level="INFO">${body} = {'username': 'admin', 'password': 'password123'}</msg>
<var>${body}</var>
<arg>username=admin</arg>
<arg>password=password123</arg>
<doc>Creates and returns a dictionary based on the given ``items``.</doc>
<status status="PASS" start="2024-10-18T21:32:50.936071" elapsed="0.006071"/>
</kw>
<kw name="POST" owner="RequestsLibrary">
<msg time="2024-10-18T21:32:51.682143" level="INFO">POST Request : url=https://restful-booker.herokuapp.com/auth 
 path_url=/auth 
 headers={'User-Agent': 'python-requests/2.32.3', 'Accept-Encoding': 'gzip, deflate', 'Accept': '*/*', 'Connection': 'keep-alive', 'Content-Length': '48', 'Content-Type': 'application/json'} 
 body=b'{"username": "admin", "password": "password123"}' 
 </msg>
<msg time="2024-10-18T21:32:51.682143" level="INFO">POST Response : url=https://restful-booker.herokuapp.com/auth 
 status=200, reason=OK 
 headers={'Server': 'Cowboy', 'Report-To': '{"group":"heroku-nel","max_age":3600,"endpoints":[{"url":"https://nel.heroku.com/reports?ts=1729297972&amp;sid=c46efe9b-d3d2-4a0c-8c76-bfafa16c5add&amp;s=AadPZ%2B3v0PmzGtlFrF74J0JOHFaE5MfidnrddAGSePM%3D"}]}', 'Reporting-Endpoints': 'heroku-nel=https://nel.heroku.com/reports?ts=1729297972&amp;sid=c46efe9b-d3d2-4a0c-8c76-bfafa16c5add&amp;s=AadPZ%2B3v0PmzGtlFrF74J0JOHFaE5MfidnrddAGSePM%3D', 'Nel': '{"report_to":"heroku-nel","max_age":3600,"success_fraction":0.005,"failure_fraction":0.05,"response_headers":["Via"]}', 'Connection': 'keep-alive', 'X-Powered-By': 'Express', 'Content-Type': 'application/json; charset=utf-8', 'Content-Length': '27', 'Etag': 'W/"1b-/gxXw0GCzs6TnxiBhB/f+60o/lw"', 'Date': 'Sat, 19 Oct 2024 00:32:52 GMT', 'Via': '1.1 vegur'} 
 body={"token":"84fac19d16a1ec1"} 
 </msg>
<msg time="2024-10-18T21:32:51.683137" level="INFO">${response} = &lt;Response [200]&gt;</msg>
<var>${response}</var>
<arg>url=${url}/auth</arg>
<arg>json=${body}</arg>
<doc>Sends a POST request.</doc>
<status status="PASS" start="2024-10-18T21:32:50.943627" elapsed="0.739510"/>
</kw>
<kw name="Status Should Be" owner="RequestsLibrary">
<arg>200</arg>
<doc>Fails if response status code is different than the expected.</doc>
<status status="PASS" start="2024-10-18T21:32:51.683137" elapsed="0.001001"/>
</kw>
<kw name="Set Variable" owner="BuiltIn">
<msg time="2024-10-18T21:32:51.687136" level="INFO">${token} = 84fac19d16a1ec1</msg>
<var>${token}</var>
<arg>${response.json()}[token]</arg>
<doc>Returns the given values which can then be assigned to a variables.</doc>
<status status="PASS" start="2024-10-18T21:32:51.684138" elapsed="0.002998"/>
</kw>
<kw name="Set Suite Variable" owner="BuiltIn">
<msg time="2024-10-18T21:32:51.688137" level="INFO">${token} = 84fac19d16a1ec1</msg>
<arg>${token}</arg>
<doc>Makes a variable available everywhere within the scope of the current suite.</doc>
<status status="PASS" start="2024-10-18T21:32:51.687136" elapsed="0.001001"/>
</kw>
<kw name="Log To Console" owner="BuiltIn">
<arg>${token}</arg>
<doc>Logs the given message to the console.</doc>
<status status="PASS" start="2024-10-18T21:32:51.689136" elapsed="0.000976"/>
</kw>
<arg>${url}</arg>
<status status="PASS" start="2024-10-18T21:32:50.935072" elapsed="0.756041"/>
</kw>
<test id="s1-t1" name="Get Book" line="40">
<kw name="Create Dictionary" owner="BuiltIn">
<msg time="2024-10-18T21:32:51.694623" level="INFO">${headers} = {'Content-Type': 'application/json'}</msg>
<var>${headers}</var>
<arg>Content-Type=${content_type}</arg>
<doc>Creates and returns a dictionary based on the given ``items``.</doc>
<status status="PASS" start="2024-10-18T21:32:51.693624" elapsed="0.002998"/>
</kw>
<kw name="GET" owner="RequestsLibrary">
<msg time="2024-10-18T21:32:52.274787" level="INFO">GET Request : url=https://restful-booker.herokuapp.com/BookStore/v1/Book?ISBN=9781449325862 
 path_url=/BookStore/v1/Book?ISBN=9781449325862 
 headers={'User-Agent': 'python-requests/2.32.3', 'Accept-Encoding': 'gzip, deflate', 'Accept': '*/*', 'Connection': 'keep-alive'} 
 body=None 
 </msg>
<msg time="2024-10-18T21:32:52.275785" level="INFO">GET Response : url=https://restful-booker.herokuapp.com/BookStore/v1/Book?ISBN=9781449325862 
 status=404, reason=Not Found 
 headers={'Server': 'Cowboy', 'Report-To': '{"group":"heroku-nel","max_age":3600,"endpoints":[{"url":"https://nel.heroku.com/reports?ts=1729297972&amp;sid=c46efe9b-d3d2-4a0c-8c76-bfafa16c5add&amp;s=AadPZ%2B3v0PmzGtlFrF74J0JOHFaE5MfidnrddAGSePM%3D"}]}', 'Reporting-Endpoints': 'heroku-nel=https://nel.heroku.com/reports?ts=1729297972&amp;sid=c46efe9b-d3d2-4a0c-8c76-bfafa16c5add&amp;s=AadPZ%2B3v0PmzGtlFrF74J0JOHFaE5MfidnrddAGSePM%3D', 'Nel': '{"report_to":"heroku-nel","max_age":3600,"success_fraction":0.005,"failure_fraction":0.05,"response_headers":["Via"]}', 'Connection': 'keep-alive', 'X-Powered-By': 'Express', 'Content-Type': 'text/plain; charset=utf-8', 'Content-Length': '9', 'Etag': 'W/"9-0gXL1ngzMqISxa6S1zx3F4wtLyg"', 'Date': 'Sat, 19 Oct 2024 00:32:52 GMT', 'Via': '1.1 vegur'} 
 body=Not Found 
 </msg>
<msg time="2024-10-18T21:32:52.275785" level="FAIL">HTTPError: 404 Client Error: Not Found for url: https://restful-booker.herokuapp.com/BookStore/v1/Book?ISBN=9781449325862</msg>
<var>${response}</var>
<arg>url=${url}/BookStore/v1/Book?ISBN=${isbn}</arg>
<doc>Sends a GET request.</doc>
<status status="FAIL" start="2024-10-18T21:32:51.697621" elapsed="0.660303">HTTPError: 404 Client Error: Not Found for url: https://restful-booker.herokuapp.com/BookStore/v1/Book?ISBN=9781449325862</status>
</kw>
<kw name="Set Variable" owner="BuiltIn">
<var>${response_body}</var>
<arg>${response.json()}</arg>
<doc>Returns the given values which can then be assigned to a variables.</doc>
<status status="NOT RUN" start="2024-10-18T21:32:52.358923" elapsed="0.000000"/>
</kw>
<kw name="Log To Console" owner="BuiltIn">
<arg>${response_body}</arg>
<doc>Logs the given message to the console.</doc>
<status status="NOT RUN" start="2024-10-18T21:32:52.360923" elapsed="0.000000"/>
</kw>
<kw name="Status Should Be" owner="RequestsLibrary">
<arg>200</arg>
<doc>Fails if response status code is different than the expected.</doc>
<status status="NOT RUN" start="2024-10-18T21:32:52.362922" elapsed="0.000442"/>
</kw>
<kw name="Should Be Equal" owner="BuiltIn">
<arg>${response_body}[title]</arg>
<arg>Chris</arg>
<doc>Fails if the given objects are unequal.</doc>
<status status="NOT RUN" start="2024-10-18T21:32:52.363364" elapsed="0.001661"/>
</kw>
<kw name="Should Be Equal" owner="BuiltIn">
<arg>${response_body}[subTitle]</arg>
<arg>Brown</arg>
<doc>Fails if the given objects are unequal.</doc>
<status status="NOT RUN" start="2024-10-18T21:32:52.366023" elapsed="0.000000"/>
</kw>
<kw name="Should Be Equal" owner="BuiltIn">
<arg>${response_body}[author]</arg>
<arg>Richard E. Silverman</arg>
<doc>Fails if the given objects are unequal.</doc>
<status status="NOT RUN" start="2024-10-18T21:32:52.367022" elapsed="0.001000"/>
</kw>
<kw name="Should Be Equal" owner="BuiltIn">
<arg>${response_body}[publisher]</arg>
<arg>O'Reilly Media</arg>
<doc>Fails if the given objects are unequal.</doc>
<status status="NOT RUN" start="2024-10-18T21:32:52.371022" elapsed="0.000000"/>
</kw>
<kw name="Should Be Equal" owner="BuiltIn">
<arg>${response_body}[pages]</arg>
<arg>${{int(234)}}</arg>
<doc>Fails if the given objects are unequal.</doc>
<status status="NOT RUN" start="2024-10-18T21:32:52.377005" elapsed="0.000000"/>
</kw>
<kw name="Should Be Equal" owner="BuiltIn">
<arg>${response_body}[description]</arg>
<arg>This pocket guide is the perfect on-the-job companion to Git,</arg>
<arg>the distributed version control system. It provides a compact, readable introduction to Git for new users,</arg>
<arg>as well as a reference to common commands and procedures for those of you with Git exp</arg>
<doc>Fails if the given objects are unequal.</doc>
<status status="NOT RUN" start="2024-10-18T21:32:52.380005" elapsed="0.000000"/>
</kw>
<status status="FAIL" start="2024-10-18T21:32:51.691113" elapsed="0.691271">HTTPError: 404 Client Error: Not Found for url: https://restful-booker.herokuapp.com/BookStore/v1/Book?ISBN=9781449325862</status>
</test>
<status status="FAIL" start="2024-10-18T21:32:50.151700" elapsed="2.237680"/>
</suite>
<statistics>
<total>
<stat pass="0" fail="1" skip="0">All Tests</stat>
</total>
<tag>
</tag>
<suite>
<stat pass="0" fail="1" skip="0" id="s1" name="Test Booking">Test Booking</stat>
</suite>
</statistics>
<errors>
</errors>
</robot>
